  Building Custom Rule C:/Users/40168766/Desktop/Astral_Insanity-master/Astral_Insanity-master/Advanced-Games-Engineering/SFML-src/src/SFML/Window/CMakeLists.txt
  CMake does not need to re-run because C:/Users/40168766/Desktop/Astral_Insanity-master/Astral_Insanity-master/Advanced-Games-Engineering/SFML-build/src/SFML/Window/CMakeFiles/generate.stamp is up-to-date.
  Context.cpp
  GlContext.cpp
  GlResource.cpp
  Joystick.cpp
  JoystickManager.cpp
  Keyboard.cpp
  Mouse.cpp
  Touch.cpp
  Sensor.cpp
  SensorManager.cpp
  VideoMode.cpp
  Window.cpp
  WindowImpl.cpp
  WglContext.cpp
  WglExtensions.cpp
  InputImpl.cpp
  JoystickImpl.cpp
  SensorImpl.cpp
  VideoModeImpl.cpp
  WindowImplWin32.cpp
  Generating Code...
     Creating library C:/Users/40168766/Desktop/Astral_Insanity-master/Astral_Insanity-master/Advanced-Games-Engineering/bin/DEBUG/sfml-window-d.lib and object C:/Users/40168766/Desktop/Astral_Insanity-master/Astral_Insanity-master/Advanced-Games-Engineering/bin/DEBUG/sfml-window-d.exp
  sfml-window.vcxproj -> C:\Users\40168766\Desktop\Astral_Insanity-master\Astral_Insanity-master\Advanced-Games-Engineering\bin\DEBUG\sfml-window-d-2.dll
  sfml-window.vcxproj -> C:/Users/40168766/Desktop/Astral_Insanity-master/Astral_Insanity-master/Advanced-Games-Engineering/SFML-build/lib/Debug/sfml-window.pdb (Full PDB)
