  Building Custom Rule C:/Users/40168766/Desktop/Astral_Insanity-master/Astral_Insanity-master/Advanced-Games-Engineering/SFML-src/src/SFML/Network/CMakeLists.txt
  CMake does not need to re-run because C:/Users/40168766/Desktop/Astral_Insanity-master/Astral_Insanity-master/Advanced-Games-Engineering/SFML-build/src/SFML/Network/CMakeFiles/generate.stamp is up-to-date.
  Ftp.cpp
  Http.cpp
  IpAddress.cpp
C:\Users\40168766\Desktop\Astral_Insanity-master\Astral_Insanity-master\Advanced-Games-Engineering\SFML-src\src\SFML\Network\IpAddress.cpp(92): warning C4996: 'inet_ntoa': Use inet_ntop() or InetNtop() instead or define _WINSOCK_DEPRECATED_NO_WARNINGS to disable deprecated API warnings
  C:\Program Files (x86)\Windows Kits\10\Include\10.0.15063.0\um\winsock2.h(1848): note: see declaration of 'inet_ntoa'
C:\Users\40168766\Desktop\Astral_Insanity-master\Astral_Insanity-master\Advanced-Games-Engineering\SFML-src\src\SFML\Network\IpAddress.cpp(184): warning C4996: 'inet_addr': Use inet_pton() or InetPton() instead or define _WINSOCK_DEPRECATED_NO_WARNINGS to disable deprecated API warnings
  C:\Program Files (x86)\Windows Kits\10\Include\10.0.15063.0\um\winsock2.h(1830): note: see declaration of 'inet_addr'
  Packet.cpp
  Socket.cpp
  SocketSelector.cpp
  TcpListener.cpp
  TcpSocket.cpp
C:\Users\40168766\Desktop\Astral_Insanity-master\Astral_Insanity-master\Advanced-Games-Engineering\SFML-src\src\SFML\Network\TcpSocket.cpp(246): warning C4267: 'argument': conversion from 'size_t' to 'int', possible loss of data
  UdpSocket.cpp
  SocketImpl.cpp
  Generating Code...
     Creating library C:/Users/40168766/Desktop/Astral_Insanity-master/Astral_Insanity-master/Advanced-Games-Engineering/bin/DEBUG/sfml-network-d.lib and object C:/Users/40168766/Desktop/Astral_Insanity-master/Astral_Insanity-master/Advanced-Games-Engineering/bin/DEBUG/sfml-network-d.exp
  sfml-network.vcxproj -> C:\Users\40168766\Desktop\Astral_Insanity-master\Astral_Insanity-master\Advanced-Games-Engineering\bin\DEBUG\sfml-network-d-2.dll
  sfml-network.vcxproj -> C:/Users/40168766/Desktop/Astral_Insanity-master/Astral_Insanity-master/Advanced-Games-Engineering/SFML-build/lib/Debug/sfml-network.pdb (Full PDB)
