  Building Custom Rule C:/Users/40168766/Desktop/Astral_Insanity-master/Astral_Insanity-master/Advanced-Games-Engineering/SFML-src/src/SFML/Audio/CMakeLists.txt
  CMake does not need to re-run because C:/Users/40168766/Desktop/Astral_Insanity-master/Astral_Insanity-master/Advanced-Games-Engineering/SFML-build/src/SFML/Audio/CMakeFiles/generate.stamp is up-to-date.
  ALCheck.cpp
  AlResource.cpp
  AudioDevice.cpp
  Listener.cpp
  Music.cpp
  Sound.cpp
  SoundBuffer.cpp
  SoundBufferRecorder.cpp
  InputSoundFile.cpp
  OutputSoundFile.cpp
  SoundRecorder.cpp
  SoundSource.cpp
  SoundStream.cpp
  SoundFileFactory.cpp
  SoundFileReaderFlac.cpp
  SoundFileReaderOgg.cpp
  SoundFileReaderWav.cpp
C:\Users\40168766\Desktop\Astral_Insanity-master\Astral_Insanity-master\Advanced-Games-Engineering\SFML-src\src\SFML\Audio\SoundFileReaderWav.cpp(149): warning C4018: '<': signed/unsigned mismatch
  SoundFileWriterFlac.cpp
  SoundFileWriterOgg.cpp
  SoundFileWriterWav.cpp
  Generating Code...
     Creating library C:/Users/40168766/Desktop/Astral_Insanity-master/Astral_Insanity-master/Advanced-Games-Engineering/bin/DEBUG/sfml-audio-d.lib and object C:/Users/40168766/Desktop/Astral_Insanity-master/Astral_Insanity-master/Advanced-Games-Engineering/bin/DEBUG/sfml-audio-d.exp
  sfml-audio.vcxproj -> C:\Users\40168766\Desktop\Astral_Insanity-master\Astral_Insanity-master\Advanced-Games-Engineering\bin\DEBUG\sfml-audio-d-2.dll
  sfml-audio.vcxproj -> C:/Users/40168766/Desktop/Astral_Insanity-master/Astral_Insanity-master/Advanced-Games-Engineering/SFML-build/lib/Debug/sfml-audio.pdb (Full PDB)
